<?xml version="1.0" encoding="UTF-8"?>
<!-- Generated by org.testng.reporters.JUnitReportReporter -->
<testsuite skipped="0" hostname="DESKTOP-HSR9MKV" name="testcases.BothValid" tests="1" failures="0" timestamp="2020-04-01T16:26:21 IST" time="16.346" errors="0">
  <testcase name="main" time="16.346" classname="testcases.BothValid"/>
</testsuite> <!-- testcases.BothValid -->
