<?xml version="1.0" encoding="UTF-8"?>
<!-- Generated by org.testng.reporters.JUnitReportReporter -->
<testsuite skipped="0" hostname="DESKTOP-HSR9MKV" name="testcases.UsingDataProvider" tests="4" failures="0" timestamp="2020-04-02T14:13:46 IST" time="74.754" errors="0">
  <testcase name="main" time="14.659" classname="testcases.UsingDataProvider"/>
  <testcase name="main" time="13.137" classname="testcases.UsingDataProvider"/>
  <testcase name="main" time="29.713" classname="testcases.UsingDataProvider"/>
  <testcase name="main" time="17.245" classname="testcases.UsingDataProvider"/>
</testsuite> <!-- testcases.UsingDataProvider -->
